<?xml version="1.0" encoding="UTF-8"?>
<testng-results skipped="0" failed="0" total="2" passed="2">
  <reporter-output>
  </reporter-output>
  <suite name="Default suite" duration-ms="71685" started-at="2014-04-25T16:35:57Z" finished-at="2014-04-25T16:37:09Z">
    <groups>
    </groups>
    <test name="Default test" duration-ms="71685" started-at="2014-04-25T16:35:57Z" finished-at="2014-04-25T16:37:09Z">
      <class name="CodingTest.BrianAssignment">
        <test-method status="PASS" signature="SplitAndSortListInAscendingOrder()[pri:0, instance:CodingTest.BrianAssignment@16debe8]" name="SplitAndSortListInAscendingOrder" duration-ms="41179" started-at="2014-04-25T09:35:57Z" finished-at="2014-04-25T09:36:38Z">
          <reporter-output>
          </reporter-output>
        </test-method> <!-- SplitAndSortListInAscendingOrder -->
        <test-method status="PASS" signature="getWordsWithCounts()[pri:0, instance:CodingTest.BrianAssignment@16debe8]" name="getWordsWithCounts" duration-ms="30475" started-at="2014-04-25T09:36:38Z" depends-on-methods="CodingTest.BrianAssignment.SplitAndSortListInAscendingOrder" finished-at="2014-04-25T09:37:09Z">
          <reporter-output>
          </reporter-output>
        </test-method> <!-- getWordsWithCounts -->
      </class> <!-- CodingTest.BrianAssignment -->
    </test> <!-- Default test -->
  </suite> <!-- Default suite -->
</testng-results>
