<?xml version="1.0" encoding="UTF-8"?>
<testng-results skipped="0" failed="0" total="1" passed="1">
  <reporter-output>
  </reporter-output>
  <suite name="Default suite" duration-ms="31" started-at="2014-04-28T22:26:59Z" finished-at="2014-04-28T22:26:59Z">
    <groups>
    </groups>
    <test name="Default test" duration-ms="31" started-at="2014-04-28T22:26:59Z" finished-at="2014-04-28T22:26:59Z">
      <class name="CodingTest.BrianAssignment">
        <test-method status="PASS" signature="mainRun()[pri:0, instance:CodingTest.BrianAssignment@2147545b]" name="mainRun" duration-ms="15" started-at="2014-04-28T15:26:59Z" finished-at="2014-04-28T15:26:59Z">
          <reporter-output>
          </reporter-output>
        </test-method> <!-- mainRun -->
      </class> <!-- CodingTest.BrianAssignment -->
    </test> <!-- Default test -->
  </suite> <!-- Default suite -->
</testng-results>
